TN:
SF:src/errors/AppError.ts
FN:5,AppError
FNF:1
FNH:1
FNDA:2,AppError
DA:1,1
DA:2,1
DA:3,1
DA:4,1
DA:5,1
DA:6,2
DA:7,2
DA:8,2
DA:9,1
DA:10,1
DA:11,1
LF:11
LH:11
BRDA:5,0,0,2
BRF:1
BRH:1
end_of_record
TN:
SF:src/modules/cities/repositories/implements/CityRepositoryInMemory.ts
FN:6,CityRepositoryInMemory
FN:9,create
FN:20,findByName
FN:26,findByState
FNF:4
FNH:3
FNDA:1,CityRepositoryInMemory
FNDA:2,create
FNDA:3,findByName
FNDA:0,findByState
DA:1,1
DA:2,1
DA:3,1
DA:4,1
DA:5,1
DA:6,1
DA:7,1
DA:8,1
DA:9,1
DA:10,2
DA:11,2
DA:12,2
DA:13,2
DA:14,2
DA:15,2
DA:16,2
DA:17,2
DA:18,2
DA:19,1
DA:20,1
DA:21,3
DA:22,3
DA:23,3
DA:24,3
DA:25,1
DA:26,1
DA:27,0
DA:28,0
DA:29,0
DA:30,0
DA:31,1
LF:31
LH:27
BRDA:6,0,0,1
BRDA:9,1,0,2
BRDA:20,2,0,3
BRDA:21,3,0,3
BRF:4
BRH:4
end_of_record
TN:
SF:src/modules/cities/useCases/createCity/CreateCityUseCase.ts
FN:14,CreateCityUseCase
FN:19,execute
FNF:2
FNH:2
FNDA:1,CreateCityUseCase
FNDA:3,execute
DA:1,1
DA:2,1
DA:3,1
DA:4,1
DA:5,1
DA:6,1
DA:7,1
DA:8,1
DA:9,1
DA:10,1
DA:11,1
DA:12,1
DA:13,1
DA:14,1
DA:15,1
DA:16,1
DA:17,1
DA:18,1
DA:19,1
DA:20,3
DA:21,3
DA:22,3
DA:23,1
DA:24,1
DA:25,3
DA:26,3
DA:27,3
DA:28,3
DA:29,3
DA:30,3
DA:31,3
DA:32,3
DA:33,1
LF:33
LH:33
BRDA:14,0,0,1
BRDA:19,1,0,3
BRDA:22,2,0,1
BRF:3
BRH:3
end_of_record
